---------------------------------------------------------------------------------------------------------------------------------------
      name:  <unnamed>
       log:  C:\Users\Scott\Google Drive\iscr workshops\stata 2\Data Visualization Using Stata.log
  log type:  text
 opened on:   4 Oct 2018, 11:37:54

. 
. 
. /*      *********************************************************************/
. /*      File Name:      Data Visualization Using Stata.do                                       */
. /*      Date:           November 10, 2017                                                                       */
. /*      Author:         Desmond D. Wallace                                                                      */
. /*      Purpose:        Exploring Graphing Capabilities in Stata.                       */
. /*      Input File:     Data/DVdata01.dta,                                                                      */
. /*                              Data/DVdata02.dta,                                                                      */
. /*      Output File: Data Visualization Using Stata.log,                                */
. /*                                       Graphs/DVgraph01.gph,                                                          */
. /*                                       Graphs/DVgraph01.pdf,                                                          */
. /*                                       Graphs/DVgraph01.svg                                                           */
. /*      *********************************************************************/
. 
.                 /*      Open the DVdata01 data file, and clear the memory.      */
.                 
.         use DVdata01, clear /* Works if file is located in current working
>                                                                 directory. */

. 
.         /************************************/
.         /* Making Bar Graphs and Box Plots      */
.         /************************************/
.         
.                 /* Bar graphs can be used to report a statistic about
>                         a variable, or multiple variables. */
.                         
.         graph bar age /* Creates a single bar representing the variable's mean */

.         
.         graph save "Graphs\DVgraph01", replace /* Saves graph as a Stata-type
>                                                                                                         file */
(file Graphs\DVgraph01.gph saved)

.                                                                                                 
.         graph export "Graphs\DVgraph01.pdf", as(pdf) replace /* Saves graph
>                                                                                                                         as pdf */
(file Graphs\DVgraph01.pdf written in PDF format)

.                                                                                                                         
.         graph export "Graphs\DVgraph01.png", as(png) replace /* Saves graph
>                                                                                                                         as png */
(file Graphs\DVgraph01.png written in PNG format)

.                                                                                                                         
.         graph export "Graphs\DVgraph01.svg", as(svg) replace /* Saves graph
>                                                                                                                         as svg */
(file Graphs\DVgraph01.svg written in SVG format)

.                                                                                                                         
.                 
.         graph bar (mean) age /* Same as above. */

.         
.         graph bar (median) age /* Changes the statistic from mean to median. */

.         
.         graph bar (p25) age (mean) age ///
>                 (median) age (p75) age /* Featuring the 25th and 75th percentiles,
>                                                                         along with the mean and median */

.                                                                         
.         graph bar age, over(female) /* Mean age for each gender category */

.         
.         graph bar age, over(female) asyvars scheme(s1mono)  /* Treats the categories as
>                                                                                         different y variables */
--Break--
r(1);

end of do-file

--Break--
r(1);

. do "C:\Users\Scott\AppData\Local\Temp\STD00000000.tmp"

.         scatter y1 x1, by(z) /* Creates separate graphs for each value

end of do-file

. do "C:\Users\Scott\AppData\Local\Temp\STD00000000.tmp"

.         scatter y1 x1, by(z) /* Creates separate graphs for each value
>                                                         of the z variable */
variable z not found
r(111);

end of do-file

r(111);

. do "C:\Users\Scott\AppData\Local\Temp\STD00000000.tmp"

.         use DVdata02, clear

.         
.                 /* Scatterplots, Fit, and CI Fit plots display the relationship
>                         between two variables. */
.                         
.         scatter y1 x1 /* Places y1 variable on y-axis and x1 variable

end of do-file

. do "C:\Users\Scott\AppData\Local\Temp\STD00000000.tmp"

.         use DVdata02, clear

.         
.                 /* Scatterplots, Fit, and CI Fit plots display the relationship
>                         between two variables. */
.                         
.         scatter y1 x1 /* Places y1 variable on y-axis and x1 variable
>                                                 on x-axis */

. 
end of do-file

. do "C:\Users\Scott\AppData\Local\Temp\STD00000000.tmp"

.         scatter y1 x1, by(z) /* Creates separate graphs for each value
>                                                         of the z variable */

. 
end of do-file

. help scatter

. do "C:\Users\Scott\AppData\Local\Temp\STD00000000.tmp"

.         scatter y2 x2, mcolor(%30)
(note:  named style % 30 not found in class color, default attributes used)
(note:  named style % 30 not found in class color, default attributes used)

.                 
.         scatter y2 x2, by(z) mcolor(%30)                                                                                             
>                    
(note:  named style % 30 not found in class color, default attributes used)
(note:  named style % 30 not found in class color, default attributes used)
(note:  named style % 30 not found in class color, default attributes used)
(note:  named style % 30 not found in class color, default attributes used)

. 
end of do-file

. do "C:\Users\Scott\AppData\Local\Temp\STD00000000.tmp"

.         scatter y1 x1, by(z) scheme(s1color) /* Creates separate graphs for each value
>                                                         of the z variable */

. 
end of do-file

. do "C:\Users\Scott\AppData\Local\Temp\STD00000000.tmp"

.         scatter y1 x1, by(z) scheme(s2color) /* Creates separate graphs for each value
>                                                         of the z variable */

. 
end of do-file

. help graph

. do "C:\Users\Scott\AppData\Local\Temp\STD00000000.tmp"

.         scatter y1 x1, by(z) scheme(s1mono) /* Creates separate graphs for each value
>                                                         of the z variable */

. 
end of do-file

. do "C:\Users\Scott\AppData\Local\Temp\STD00000000.tmp"

.         scatter y1 x1, by(z) scheme(s1mono) /* Creates separate graphs for each value
>                                                         of the z variable */

. 
end of do-file

. do "C:\Users\Scott\AppData\Local\Temp\STD00000000.tmp"

.         twoway line y1 id, sort /* Plots each value of y1 against a
>                                                                 unique identification number */

.                                                                 
. 
end of do-file

. do "C:\Users\Scott\AppData\Local\Temp\STD00000000.tmp"

.         twoway line y2 x2                                                                                               

. 
end of do-file

. do "C:\Users\Scott\AppData\Local\Temp\STD00000000.tmp"

.         twoway line y2 x2, sort                                                                                         

. 
end of do-file

. do "C:\Users\Scott\AppData\Local\Temp\STD00000000.tmp"

.         twoway connected y1 y2 id, sort /* Plots each value of y1 and y2 against a
>                                                                                 unique identification number */

.                                                                                 
. 
end of do-file

. sum id

    Variable |        Obs        Mean    Std. Dev.       Min        Max
-------------+---------------------------------------------------------
          id |      1,000       500.5    288.8194          1       1000

. do "C:\Users\Scott\AppData\Local\Temp\STD00000000.tmp"

.         twoway connected y1 y2, sort /* Plots each value of y1 and y2 against a
>                                                                                 unique identification number */

. 
end of do-file

. do "C:\Users\Scott\AppData\Local\Temp\STD00000000.tmp"

.         scatter y1 x1, by(z) scheme(s1mono) 

. 
end of do-file

. do "C:\Users\Scott\AppData\Local\Temp\STD00000000.tmp"

.         scatter y1 x1, by(z) scheme(s1mono) 

.         || lfit y1 x1, by(z)
| is not a valid command name
r(199);

end of do-file

r(199);

. do "C:\Users\Scott\AppData\Local\Temp\STD00000000.tmp"

.         scatter y1 x1, scheme(s1mono) ///
>         || lfit y1 x1

. 
end of do-file

. do "C:\Users\Scott\AppData\Local\Temp\STD00000000.tmp"

.         scatter y1 x1 ///
>         || lfit y1 x1

. 
end of do-file

. do "C:\Users\Scott\AppData\Local\Temp\STD00000000.tmp"

.         scatter y1 x1, scheme(s1mono) ///
>         || lfit y1 x1, scheme(s2color)
option scheme() not allowed
r(198);

end of do-file

r(198);

. do "C:\Users\Scott\AppData\Local\Temp\STD00000000.tmp"

.         scatter y1 x1, scheme(s1mono) ///
>         || lfit y1 x1

. 
end of do-file

. do "C:\Users\Scott\AppData\Local\Temp\STD00000000.tmp"

.         twoway histogram y1 /* Plots a rectangle encompassing multiple
>                                                         x values against a density; sum of the
>                                                         rectangles' area equals 1 */

.                                                         
. 
end of do-file

. hist y1
(bin=29, start=-2.4080243, width=.46012982)

. do "C:\Users\Scott\AppData\Local\Temp\STD00000000.tmp"

.         twoway histogram y1 /* Plots a rectangle encompassing multiple
>                                                         x values against a density; sum of the
>                                                         rectangles' area equals 1 */

. 
end of do-file

. do "C:\Users\Scott\AppData\Local\Temp\STD00000000.tmp"

.         twoway histogram y1, fraction /* Changes the y-axis to represent
>                                                                                 fractions; sum of rectangles'
>                                                                                 height equals 1 */

.                                                                                 
. 
end of do-file

. do "C:\Users\Scott\AppData\Local\Temp\STD00000000.tmp"

.         twoway histogram y1, frequency /* Changes the y-axis to represent
>                                                                                 the number of observations in
>                                                                                 each category; sum of
>                                                                                 rectangles' height equals the
>                                                                                 number of total observations */

.                                                                                 
.                 /* Typically, one creates a histogram with respect to

end of do-file

. do "C:\Users\Scott\AppData\Local\Temp\STD00000000.tmp"

.         twoway histogram z /* Bars are not exactly centered on correct values */

. 
end of do-file

. kdensity z

. do "C:\Users\Scott\AppData\Local\Temp\STD00000000.tmp"

.         twoway histogram z, discrete /* Bars are centered on correct values */

. 
end of do-file

. do "C:\Users\Scott\AppData\Local\Temp\STD00000000.tmp"

.         twoway histogram z, discrete xlabel(0 1)/* Bars are centered on correct values */

. 
end of do-file

. do "C:\Users\Scott\AppData\Local\Temp\STD00000000.tmp"

.         twoway histogram z, discrete xlabel(Male Female)/* Bars are centered on correct values */
invalid label specifier, :  Male Female:
r(198);

end of do-file

r(198);

. do "C:\Users\Scott\AppData\Local\Temp\STD00000000.tmp"

.         twoway histogram z, discrete xlabel("Male" "Female")/* Bars are centered on correct values */
invalid label specifier, :  "Male" "Female":
r(198);

end of do-file

r(198);

. do "C:\Users\Scott\AppData\Local\Temp\STD00000000.tmp"

.         twoway histogram z, discrete xlabel(0 1)/* Bars are centered on correct values */

. 
end of do-file

. exit, clear
